<?xml version="1.0" encoding="UTF-8"?>
<!-- Generated by org.testng.reporters.JUnitReportReporter -->
<testsuite hostname="VarshaMane" failures="0" tests="1" name="codemind.New.MavenProject.testCases.HomePageTestCase" time="13.840" errors="0" timestamp="2022-11-03T18:50:58 IST" skipped="0">
  <testcase classname="codemind.New.MavenProject.testCases.HomePageTestCase" name="verifyValidLogin" time="13.840"/>
  <system-out/>
</testsuite> <!-- codemind.New.MavenProject.testCases.HomePageTestCase -->
