<?xml version="1.0" encoding="UTF-8"?>
<!-- Generated by org.testng.reporters.JUnitReportReporter -->
<testsuite hostname="VarshaMane" failures="0" tests="2" name="codemind.New.MavenProject.testCases.HomePageTestCase" time="27.684" errors="0" timestamp="06 Nov 2022 13:44:19 GMT" skipped="0">
  <testcase classname="codemind.New.MavenProject.testCases.HomePageTestCase" name="verifyRegistrationFunctionality" time="14.650"/>
  <testcase classname="codemind.New.MavenProject.testCases.HomePageTestCase" name="verifyValidLogin" time="13.034"/>
</testsuite> <!-- codemind.New.MavenProject.testCases.HomePageTestCase -->
